[debug] [2025-11-15T17:12:58.340Z] ----------------------------------------------------------------------
[debug] [2025-11-15T17:12:58.342Z] Command:       C:\Program Files\nodejs\node.exe C:\Users\subin\AppData\Roaming\npm\node_modules\firebase-tools\lib\bin\firebase.js init
[debug] [2025-11-15T17:12:58.342Z] CLI Version:   14.25.0
[debug] [2025-11-15T17:12:58.342Z] Platform:      win32
[debug] [2025-11-15T17:12:58.343Z] Node Version:  v22.16.0
[debug] [2025-11-15T17:12:58.343Z] Time:          Sat Nov 15 2025 11:12:58 GMT-0600 (Central Standard Time)
[debug] [2025-11-15T17:12:58.343Z] ----------------------------------------------------------------------
[debug] 
[info] 
     ######## #### ########  ######## ########     ###     ######  ########
     ##        ##  ##     ## ##       ##     ##  ##   ##  ##       ##
     ######    ##  ########  ######   ########  #########  ######  ######
     ##        ##  ##    ##  ##       ##     ## ##     ##       ## ##
     ##       #### ##     ## ######## ########  ##     ##  ######  ########

You're about to initialize a Firebase project in this directory:

  C:\Users\subin\insta-relief\insta-relief

[info] 
=== Account Setup
[info] 
[info] Which account do you want to use for this project? Choose an account or add a new one now
[info] 
[debug] [2025-11-15T17:13:19.098Z] setProjectAccount(C:\Users\subin\insta-relief\insta-relief, subin.bista@selu.edu)
[info] 
[info] +  Using account: subin.bista@selu.edu 
[info] 
=== Project Setup
[info] 
[info] First, let's associate this project directory with a Firebase project.
[info] You can create multiple project aliases by running firebase use --add, 
[info] 
[debug] [2025-11-15T17:13:24.030Z] > command requires scopes: ["email","openid","https://www.googleapis.com/auth/cloudplatformprojects.readonly","https://www.googleapis.com/auth/firebase","https://www.googleapis.com/auth/cloud-platform"]
[debug] [2025-11-15T17:13:24.031Z] > authorizing via signed-in user (subin.bista@selu.edu)
[debug] [2025-11-15T17:13:24.033Z] No OAuth tokens found
[debug] [2025-11-15T17:13:24.033Z] No OAuth tokens found
[debug] [2025-11-15T17:13:24.033Z] > refreshing access token with scopes: []
[debug] [2025-11-15T17:13:24.036Z] >>> [apiv2][query] POST https://www.googleapis.com/oauth2/v3/token [none]
[debug] [2025-11-15T17:13:24.036Z] >>> [apiv2][body] POST https://www.googleapis.com/oauth2/v3/token [omitted]
[debug] [2025-11-15T17:13:24.249Z] <<< [apiv2][status] POST https://www.googleapis.com/oauth2/v3/token 200
[debug] [2025-11-15T17:13:24.249Z] <<< [apiv2][body] POST https://www.googleapis.com/oauth2/v3/token [omitted]
[debug] [2025-11-15T17:13:24.258Z] >>> [apiv2][query] GET https://firebase.googleapis.com/v1beta1/availableProjects pageSize=100
[debug] [2025-11-15T17:13:24.722Z] <<< [apiv2][status] GET https://firebase.googleapis.com/v1beta1/availableProjects 200
[debug] [2025-11-15T17:13:24.722Z] <<< [apiv2][body] GET https://firebase.googleapis.com/v1beta1/availableProjects [omitted]
[debug] [2025-11-15T17:13:32.353Z] Checked if tokens are valid: true, expires at: 1763230403249
[debug] [2025-11-15T17:13:32.353Z] Checked if tokens are valid: true, expires at: 1763230403249
[debug] [2025-11-15T17:13:32.353Z] >>> [apiv2][query] POST https://firebase.googleapis.com/v1beta1/projects/secret-bloom-473916-c2:addFirebase [none]
[debug] [2025-11-15T17:13:33.172Z] <<< [apiv2][status] POST https://firebase.googleapis.com/v1beta1/projects/secret-bloom-473916-c2:addFirebase 200
[debug] [2025-11-15T17:13:33.172Z] <<< [apiv2][body] POST https://firebase.googleapis.com/v1beta1/projects/secret-bloom-473916-c2:addFirebase {"name":"operations/workflows/MjU3YzVkNmUtNzUzZS00MDA0LWE1NjAtOTNkYmE1NjhkODAx"}
[debug] [2025-11-15T17:13:33.175Z] Checked if tokens are valid: true, expires at: 1763230403249
[debug] [2025-11-15T17:13:33.175Z] Checked if tokens are valid: true, expires at: 1763230403249
[debug] [2025-11-15T17:13:33.175Z] >>> [apiv2][query] GET https://firebase.googleapis.com/v1beta1/operations/workflows/MjU3YzVkNmUtNzUzZS00MDA0LWE1NjAtOTNkYmE1NjhkODAx [none]
[debug] [2025-11-15T17:13:38.309Z] <<< [apiv2][status] GET https://firebase.googleapis.com/v1beta1/operations/workflows/MjU3YzVkNmUtNzUzZS00MDA0LWE1NjAtOTNkYmE1NjhkODAx 200
[debug] [2025-11-15T17:13:38.309Z] <<< [apiv2][body] GET https://firebase.googleapis.com/v1beta1/operations/workflows/MjU3YzVkNmUtNzUzZS00MDA0LWE1NjAtOTNkYmE1NjhkODAx {"name":"operations/workflows/MjU3YzVkNmUtNzUzZS00MDA0LWE1NjAtOTNkYmE1NjhkODAx"}
[debug] [2025-11-15T17:13:38.819Z] [Add Firebase Poller] Retrying task index 0
[debug] [2025-11-15T17:13:38.820Z] Checked if tokens are valid: true, expires at: 1763230403249
[debug] [2025-11-15T17:13:38.820Z] Checked if tokens are valid: true, expires at: 1763230403249
[debug] [2025-11-15T17:13:38.821Z] >>> [apiv2][query] GET https://firebase.googleapis.com/v1beta1/operations/workflows/MjU3YzVkNmUtNzUzZS00MDA0LWE1NjAtOTNkYmE1NjhkODAx [none]
[debug] [2025-11-15T17:13:40.394Z] <<< [apiv2][status] GET https://firebase.googleapis.com/v1beta1/operations/workflows/MjU3YzVkNmUtNzUzZS00MDA0LWE1NjAtOTNkYmE1NjhkODAx 200
[debug] [2025-11-15T17:13:40.395Z] <<< [apiv2][body] GET https://firebase.googleapis.com/v1beta1/operations/workflows/MjU3YzVkNmUtNzUzZS00MDA0LWE1NjAtOTNkYmE1NjhkODAx {"name":"operations/workflows/MjU3YzVkNmUtNzUzZS00MDA0LWE1NjAtOTNkYmE1NjhkODAx"}
[debug] [2025-11-15T17:13:41.401Z] [Add Firebase Poller] Retrying task index 0
[debug] [2025-11-15T17:13:41.402Z] Checked if tokens are valid: true, expires at: 1763230403249
[debug] [2025-11-15T17:13:41.402Z] Checked if tokens are valid: true, expires at: 1763230403249
[debug] [2025-11-15T17:13:41.403Z] >>> [apiv2][query] GET https://firebase.googleapis.com/v1beta1/operations/workflows/MjU3YzVkNmUtNzUzZS00MDA0LWE1NjAtOTNkYmE1NjhkODAx [none]
[debug] [2025-11-15T17:13:41.899Z] <<< [apiv2][status] GET https://firebase.googleapis.com/v1beta1/operations/workflows/MjU3YzVkNmUtNzUzZS00MDA0LWE1NjAtOTNkYmE1NjhkODAx 200
[debug] [2025-11-15T17:13:41.900Z] <<< [apiv2][body] GET https://firebase.googleapis.com/v1beta1/operations/workflows/MjU3YzVkNmUtNzUzZS00MDA0LWE1NjAtOTNkYmE1NjhkODAx {"name":"operations/workflows/MjU3YzVkNmUtNzUzZS00MDA0LWE1NjAtOTNkYmE1NjhkODAx","done":true,"response":{"@type":"type.googleapis.com/google.firebase.service.v1beta1.FirebaseProject","projectId":"secret-bloom-473916-c2","projectNumber":"1036349266409","displayName":"My First Project","name":"projects/secret-bloom-473916-c2","resources":{"hostingSite":"secret-bloom-473916-c2"}}}
[info] 
[info] === Your Firebase project is ready! ===
[info] 
[info] Project information:
[info]    - Project ID: secret-bloom-473916-c2
[info]    - Project Name: My First Project
[info] 
[info] Firebase console is available at
[info] https://console.firebase.google.com/project/secret-bloom-473916-c2/overview
[info] 
=== Firestore Setup
[info] i  firestore: ensuring required API firestore.googleapis.com is enabled... 
[debug] [2025-11-15T17:13:41.937Z] Checked if tokens are valid: true, expires at: 1763230403249
[debug] [2025-11-15T17:13:41.938Z] Checked if tokens are valid: true, expires at: 1763230403249
[debug] [2025-11-15T17:13:41.939Z] >>> [apiv2][query] GET https://serviceusage.googleapis.com/v1/projects/secret-bloom-473916-c2/services/firestore.googleapis.com [none]
[debug] [2025-11-15T17:13:41.939Z] >>> [apiv2][(partial)header] GET https://serviceusage.googleapis.com/v1/projects/secret-bloom-473916-c2/services/firestore.googleapis.com x-goog-quota-user=projects/secret-bloom-473916-c2
[debug] [2025-11-15T17:13:42.395Z] <<< [apiv2][status] GET https://serviceusage.googleapis.com/v1/projects/secret-bloom-473916-c2/services/firestore.googleapis.com 200
[debug] [2025-11-15T17:13:42.395Z] <<< [apiv2][body] GET https://serviceusage.googleapis.com/v1/projects/secret-bloom-473916-c2/services/firestore.googleapis.com [omitted]
[warn] !  firestore: missing required API firestore.googleapis.com. Enabling now... 
[debug] [2025-11-15T17:13:42.397Z] Checked if tokens are valid: true, expires at: 1763230403249
[debug] [2025-11-15T17:13:42.397Z] Checked if tokens are valid: true, expires at: 1763230403249
[debug] [2025-11-15T17:13:42.398Z] >>> [apiv2][query] POST https://serviceusage.googleapis.com/v1/projects/secret-bloom-473916-c2/services/firestore.googleapis.com:enable [none]
[debug] [2025-11-15T17:13:42.398Z] >>> [apiv2][(partial)header] POST https://serviceusage.googleapis.com/v1/projects/secret-bloom-473916-c2/services/firestore.googleapis.com:enable x-goog-quota-user=projects/secret-bloom-473916-c2
[debug] [2025-11-15T17:13:43.107Z] <<< [apiv2][status] POST https://serviceusage.googleapis.com/v1/projects/secret-bloom-473916-c2/services/firestore.googleapis.com:enable 200
[debug] [2025-11-15T17:13:43.107Z] <<< [apiv2][body] POST https://serviceusage.googleapis.com/v1/projects/secret-bloom-473916-c2/services/firestore.googleapis.com:enable [omitted]
[debug] [2025-11-15T17:13:53.123Z] Checked if tokens are valid: true, expires at: 1763230403249
[debug] [2025-11-15T17:13:53.123Z] Checked if tokens are valid: true, expires at: 1763230403249
[debug] [2025-11-15T17:13:53.124Z] >>> [apiv2][query] GET https://firestore.googleapis.com/v1/projects/secret-bloom-473916-c2/databases [none]
[debug] [2025-11-15T17:13:53.599Z] <<< [apiv2][status] GET https://firestore.googleapis.com/v1/projects/secret-bloom-473916-c2/databases 200
[debug] [2025-11-15T17:13:53.599Z] <<< [apiv2][body] GET https://firestore.googleapis.com/v1/projects/secret-bloom-473916-c2/databases {}
[debug] [2025-11-15T17:13:53.600Z] Checked if tokens are valid: true, expires at: 1763230403249
[debug] [2025-11-15T17:13:53.601Z] Checked if tokens are valid: true, expires at: 1763230403249
[debug] [2025-11-15T17:13:53.601Z] >>> [apiv2][query] GET https://firestore.googleapis.com/v1/projects/secret-bloom-473916-c2/locations [none]
[debug] [2025-11-15T17:13:53.766Z] <<< [apiv2][status] GET https://firestore.googleapis.com/v1/projects/secret-bloom-473916-c2/locations 200
[debug] [2025-11-15T17:13:53.767Z] <<< [apiv2][body] GET https://firestore.googleapis.com/v1/projects/secret-bloom-473916-c2/locations {"locations":[{"name":"projects/secret-bloom-473916-c2/locations/eur3","labels":{"appengine.googleapis.com/geo":"europe-west","cloud.googleapis.com/location":"eur3","cloud.googleapis.com/geo":"eur3"},"metadata":{"@type":"type.googleapis.com/google.firestore.admin.v1.LocationMetadata"},"locationId":"eur3","displayName":"Europe"},{"name":"projects/secret-bloom-473916-c2/locations/nam5","labels":{"appengine.googleapis.com/geo":"us-central","cloud.googleapis.com/location":"nam5","cloud.googleapis.com/geo":"nam5"},"metadata":{"@type":"type.googleapis.com/google.firestore.admin.v1.LocationMetadata"},"locationId":"nam5","displayName":"United States"},{"name":"projects/secret-bloom-473916-c2/locations/nam7","labels":{"cloud.googleapis.com/location":"nam7","cloud.googleapis.com/geo":"nam7"},"metadata":{"@type":"type.googleapis.com/google.firestore.admin.v1.LocationMetadata"},"locationId":"nam7","displayName":"United States"},{"name":"projects/secret-bloom-473916-c2/locations/africa-south1","labels":{"cloud.googleapis.com/location":"africa-south1","cloud.googleapis.com/region":"africa-south1"},"metadata":{"@type":"type.googleapis.com/google.firestore.admin.v1.LocationMetadata"},"locationId":"africa-south1","displayName":"Johannesburg"},{"name":"projects/secret-bloom-473916-c2/locations/asia-east1","labels":{"appengine.googleapis.com/region":"asia-east1","cloud.googleapis.com/location":"asia-east1","cloud.googleapis.com/region":"asia-east1"},"metadata":{"@type":"type.googleapis.com/google.firestore.admin.v1.LocationMetadata"},"locationId":"asia-east1","displayName":"Taiwan"},{"name":"projects/secret-bloom-473916-c2/locations/asia-east2","labels":{"appengine.googleapis.com/region":"asia-east2","cloud.googleapis.com/location":"asia-east2","cloud.googleapis.com/region":"asia-east2"},"metadata":{"@type":"type.googleapis.com/google.firestore.admin.v1.LocationMetadata"},"locationId":"asia-east2","displayName":"Hong Kong"},{"name":"projects/secret-bloom-473916-c2/locations/asia-northeast1","labels":{"appengine.googleapis.com/region":"asia-northeast1","cloud.googleapis.com/location":"asia-northeast1","cloud.googleapis.com/region":"asia-northeast1"},"metadata":{"@type":"type.googleapis.com/google.firestore.admin.v1.LocationMetadata"},"locationId":"asia-northeast1","displayName":"Tokyo"},{"name":"projects/secret-bloom-473916-c2/locations/asia-northeast2","labels":{"appengine.googleapis.com/region":"asia-northeast2","cloud.googleapis.com/location":"asia-northeast2","cloud.googleapis.com/region":"asia-northeast2"},"metadata":{"@type":"type.googleapis.com/google.firestore.admin.v1.LocationMetadata"},"locationId":"asia-northeast2","displayName":"Osaka"},{"name":"projects/secret-bloom-473916-c2/locations/asia-northeast3","labels":{"appengine.googleapis.com/region":"asia-northeast3","cloud.googleapis.com/location":"asia-northeast3","cloud.googleapis.com/region":"asia-northeast3"},"metadata":{"@type":"type.googleapis.com/google.firestore.admin.v1.LocationMetadata"},"locationId":"asia-northeast3","displayName":"Seoul"},{"name":"projects/secret-bloom-473916-c2/locations/asia-south1","labels":{"appengine.googleapis.com/region":"asia-south1","cloud.googleapis.com/location":"asia-south1","cloud.googleapis.com/region":"asia-south1"},"metadata":{"@type":"type.googleapis.com/google.firestore.admin.v1.LocationMetadata"},"locationId":"asia-south1","displayName":"Mumbai"},{"name":"projects/secret-bloom-473916-c2/locations/asia-south2","labels":{"cloud.googleapis.com/location":"asia-south2","cloud.googleapis.com/region":"asia-south2"},"metadata":{"@type":"type.googleapis.com/google.firestore.admin.v1.LocationMetadata"},"locationId":"asia-south2","displayName":"Delhi"},{"name":"projects/secret-bloom-473916-c2/locations/asia-southeast1","labels":{"appengine.googleapis.com/region":"asia-southeast1","cloud.googleapis.com/location":"asia-southeast1","cloud.googleapis.com/region":"asia-southeast1"},"metadata":{"@type":"type.googleapis.com/google.firestore.admin.v1.LocationMetadata"},"locationId":"asia-southeast1","displayName":"Singapore"},{"name":"projects/secret-bloom-473916-c2/locations/asia-southeast2","labels":{"appengine.googleapis.com/region":"asia-southeast2","cloud.googleapis.com/location":"asia-southeast2","cloud.googleapis.com/region":"asia-southeast2"},"metadata":{"@type":"type.googleapis.com/google.firestore.admin.v1.LocationMetadata"},"locationId":"asia-southeast2","displayName":"Jakarta"},{"name":"projects/secret-bloom-473916-c2/locations/australia-southeast1","labels":{"appengine.googleapis.com/region":"australia-southeast1","cloud.googleapis.com/location":"australia-southeast1","cloud.googleapis.com/region":"australia-southeast1"},"metadata":{"@type":"type.googleapis.com/google.firestore.admin.v1.LocationMetadata"},"locationId":"australia-southeast1","displayName":"Sydney"},{"name":"projects/secret-bloom-473916-c2/locations/australia-southeast2","labels":{"cloud.googleapis.com/location":"australia-southeast2","cloud.googleapis.com/region":"australia-southeast2"},"metadata":{"@type":"type.googleapis.com/google.firestore.admin.v1.LocationMetadata"},"locationId":"australia-southeast2","displayName":"Melbourne"},{"name":"projects/secret-bloom-473916-c2/locations/europe-central2","labels":{"appengine.googleapis.com/region":"europe-central2","cloud.googleapis.com/location":"europe-central2","cloud.googleapis.com/region":"europe-central2"},"metadata":{"@type":"type.googleapis.com/google.firestore.admin.v1.LocationMetadata"},"locationId":"europe-central2","displayName":"Warsaw"},{"name":"projects/secret-bloom-473916-c2/locations/europe-north1","labels":{"cloud.googleapis.com/location":"europe-north1","cloud.googleapis.com/region":"europe-north1"},"metadata":{"@type":"type.googleapis.com/google.firestore.admin.v1.LocationMetadata"},"locationId":"europe-north1","displayName":"Finland"},{"name":"projects/secret-bloom-473916-c2/locations/europe-north2","labels":{"cloud.googleapis.com/location":"europe-north2","cloud.googleapis.com/region":"europe-north2"},"metadata":{"@type":"type.googleapis.com/google.firestore.admin.v1.LocationMetadata"},"locationId":"europe-north2","displayName":"Stockholm"},{"name":"projects/secret-bloom-473916-c2/locations/europe-southwest1","labels":{"cloud.googleapis.com/location":"europe-southwest1","cloud.googleapis.com/region":"europe-southwest1"},"metadata":{"@type":"type.googleapis.com/google.firestore.admin.v1.LocationMetadata"},"locationId":"europe-southwest1","displayName":"Madrid"},{"name":"projects/secret-bloom-473916-c2/locations/europe-west1","labels":{"cloud.googleapis.com/location":"europe-west1","cloud.googleapis.com/region":"europe-west1"},"metadata":{"@type":"type.googleapis.com/google.firestore.admin.v1.LocationMetadata"},"locationId":"europe-west1","displayName":"Belgium"},{"name":"projects/secret-bloom-473916-c2/locations/europe-west10","labels":{"cloud.googleapis.com/location":"europe-west10","cloud.googleapis.com/region":"europe-west10"},"metadata":{"@type":"type.googleapis.com/google.firestore.admin.v1.LocationMetadata"},"locationId":"europe-west10","displayName":"Berlin"},{"name":"projects/secret-bloom-473916-c2/locations/europe-west12","labels":{"cloud.googleapis.com/location":"europe-west12","cloud.googleapis.com/region":"europe-west12"},"metadata":{"@type":"type.googleapis.com/google.firestore.admin.v1.LocationMetadata"},"locationId":"europe-west12","displayName":"Turin"},{"name":"projects/secret-bloom-473916-c2/locations/europe-west2","labels":{"appengine.googleapis.com/region":"europe-west2","cloud.googleapis.com/location":"europe-west2","cloud.googleapis.com/region":"europe-west2"},"metadata":{"@type":"type.googleapis.com/google.firestore.admin.v1.LocationMetadata"},"locationId":"europe-west2","displayName":"London"},{"name":"projects/secret-bloom-473916-c2/locations/europe-west3","labels":{"appengine.googleapis.com/region":"europe-west3","cloud.googleapis.com/location":"europe-west3","cloud.googleapis.com/region":"europe-west3"},"metadata":{"@type":"type.googleapis.com/google.firestore.admin.v1.LocationMetadata"},"locationId":"europe-west3","displayName":"Frankfurt"},{"name":"projects/secret-bloom-473916-c2/locations/europe-west4","labels":{"cloud.googleapis.com/location":"europe-west4","cloud.googleapis.com/region":"europe-west4"},"metadata":{"@type":"type.googleapis.com/google.firestore.admin.v1.LocationMetadata"},"locationId":"europe-west4","displayName":"Netherlands"},{"name":"projects/secret-bloom-473916-c2/locations/europe-west6","labels":{"appengine.googleapis.com/region":"europe-west6","cloud.googleapis.com/location":"europe-west6","cloud.googleapis.com/region":"europe-west6"},"metadata":{"@type":"type.googleapis.com/google.firestore.admin.v1.LocationMetadata"},"locationId":"europe-west6","displayName":"Zurich"},{"name":"projects/secret-bloom-473916-c2/locations/europe-west8","labels":{"cloud.googleapis.com/location":"europe-west8","cloud.googleapis.com/region":"europe-west8"},"metadata":{"@type":"type.googleapis.com/google.firestore.admin.v1.LocationMetadata"},"locationId":"europe-west8","displayName":"Milan"},{"name":"projects/secret-bloom-473916-c2/locations/europe-west9","labels":{"cloud.googleapis.com/location":"europe-west9","cloud.googleapis.com/region":"europe-west9"},"metadata":{"@type":"type.googleapis.com/google.firestore.admin.v1.LocationMetadata"},"locationId":"europe-west9","displayName":"Paris"},{"name":"projects/secret-bloom-473916-c2/locations/me-central1","labels":{"cloud.googleapis.com/location":"me-central1","cloud.googleapis.com/region":"me-central1"},"metadata":{"@type":"type.googleapis.com/google.firestore.admin.v1.LocationMetadata"},"locationId":"me-central1","displayName":"Doha"},{"name":"projects/secret-bloom-473916-c2/locations/me-central2","labels":{"cloud.googleapis.com/location":"me-central2","cloud.googleapis.com/region":"me-central2"},"metadata":{"@type":"type.googleapis.com/google.firestore.admin.v1.LocationMetadata"},"locationId":"me-central2","displayName":"Dammam"},{"name":"projects/secret-bloom-473916-c2/locations/me-west1","labels":{"cloud.googleapis.com/location":"me-west1","cloud.googleapis.com/region":"me-west1"},"metadata":{"@type":"type.googleapis.com/google.firestore.admin.v1.LocationMetadata"},"locationId":"me-west1","displayName":"Tel Aviv"},{"name":"projects/secret-bloom-473916-c2/locations/northamerica-northeast1","labels":{"appengine.googleapis.com/region":"northamerica-northeast1","cloud.googleapis.com/location":"northamerica-northeast1","cloud.googleapis.com/region":"northamerica-northeast1"},"metadata":{"@type":"type.googleapis.com/google.firestore.admin.v1.LocationMetadata"},"locationId":"northamerica-northeast1","displayName":"Montréal"},{"name":"projects/secret-bloom-473916-c2/locations/northamerica-northeast2","labels":{"cloud.googleapis.com/location":"northamerica-northeast2","cloud.googleapis.com/region":"northamerica-northeast2"},"metadata":{"@type":"type.googleapis.com/google.firestore.admin.v1.LocationMetadata"},"locationId":"northamerica-northeast2","displayName":"Toronto"},{"name":"projects/secret-bloom-473916-c2/locations/northamerica-south1","labels":{"cloud.googleapis.com/location":"northamerica-south1","cloud.googleapis.com/region":"northamerica-south1"},"metadata":{"@type":"type.googleapis.com/google.firestore.admin.v1.LocationMetadata"},"locationId":"northamerica-south1","displayName":"Mexico"},{"name":"projects/secret-bloom-473916-c2/locations/southamerica-east1","labels":{"appengine.googleapis.com/region":"southamerica-east1","cloud.googleapis.com/location":"southamerica-east1","cloud.googleapis.com/region":"southamerica-east1"},"metadata":{"@type":"type.googleapis.com/google.firestore.admin.v1.LocationMetadata"},"locationId":"southamerica-east1","displayName":"São Paulo"},{"name":"projects/secret-bloom-473916-c2/locations/southamerica-west1","labels":{"cloud.googleapis.com/location":"southamerica-west1","cloud.googleapis.com/region":"southamerica-west1"},"metadata":{"@type":"type.googleapis.com/google.firestore.admin.v1.LocationMetadata"},"locationId":"southamerica-west1","displayName":"Santiago"},{"name":"projects/secret-bloom-473916-c2/locations/us-central1","labels":{"cloud.googleapis.com/location":"us-central1","cloud.googleapis.com/region":"us-central1"},"metadata":{"@type":"type.googleapis.com/google.firestore.admin.v1.LocationMetadata"},"locationId":"us-central1","displayName":"Iowa"},{"name":"projects/secret-bloom-473916-c2/locations/us-east1","labels":{"appengine.googleapis.com/region":"us-east1","cloud.googleapis.com/location":"us-east1","cloud.googleapis.com/region":"us-east1"},"metadata":{"@type":"type.googleapis.com/google.firestore.admin.v1.LocationMetadata"},"locationId":"us-east1","displayName":"South Carolina"},{"name":"projects/secret-bloom-473916-c2/locations/us-east4","labels":{"appengine.googleapis.com/region":"us-east4","cloud.googleapis.com/location":"us-east4","cloud.googleapis.com/region":"us-east4"},"metadata":{"@type":"type.googleapis.com/google.firestore.admin.v1.LocationMetadata"},"locationId":"us-east4","displayName":"Northern Virginia"},{"name":"projects/secret-bloom-473916-c2/locations/us-east5","labels":{"cloud.googleapis.com/location":"us-east5","cloud.googleapis.com/region":"us-east5"},"metadata":{"@type":"type.googleapis.com/google.firestore.admin.v1.LocationMetadata"},"locationId":"us-east5","displayName":"Columbus"},{"name":"projects/secret-bloom-473916-c2/locations/us-south1","labels":{"cloud.googleapis.com/location":"us-south1","cloud.googleapis.com/region":"us-south1"},"metadata":{"@type":"type.googleapis.com/google.firestore.admin.v1.LocationMetadata"},"locationId":"us-south1","displayName":"Dallas"},{"name":"projects/secret-bloom-473916-c2/locations/us-west1","labels":{"appengine.googleapis.com/region":"us-west1","cloud.googleapis.com/location":"us-west1","cloud.googleapis.com/region":"us-west1"},"metadata":{"@type":"type.googleapis.com/google.firestore.admin.v1.LocationMetadata"},"locationId":"us-west1","displayName":"Oregon"},{"name":"projects/secret-bloom-473916-c2/locations/us-west2","labels":{"appengine.googleapis.com/region":"us-west2","cloud.googleapis.com/location":"us-west2","cloud.googleapis.com/region":"us-west2"},"metadata":{"@type":"type.googleapis.com/google.firestore.admin.v1.LocationMetadata"},"locationId":"us-west2","displayName":"Los Angeles"},{"name":"projects/secret-bloom-473916-c2/locations/us-west3","labels":{"appengine.googleapis.com/region":"us-west3","cloud.googleapis.com/location":"us-west3","cloud.googleapis.com/region":"us-west3"},"metadata":{"@type":"type.googleapis.com/google.firestore.admin.v1.LocationMetadata"},"locationId":"us-west3","displayName":"Salt Lake City"},{"name":"projects/secret-bloom-473916-c2/locations/us-west4","labels":{"appengine.googleapis.com/region":"us-west4","cloud.googleapis.com/location":"us-west4","cloud.googleapis.com/region":"us-west4"},"metadata":{"@type":"type.googleapis.com/google.firestore.admin.v1.LocationMetadata"},"locationId":"us-west4","displayName":"Las Vegas"}]}
[debug] [2025-11-15T17:14:10.224Z] ExitPromptError: User force closed the prompt with SIGINT
    at Interface.sigint (C:\Users\subin\AppData\Roaming\npm\node_modules\firebase-tools\node_modules\@inquirer\core\dist\commonjs\lib\create-prompt.js:101:37)
    at Interface.emit (node:events:518:28)
    at Interface.emit (node:domain:489:12)
    at [_ttyWrite] [as _ttyWrite] (node:internal/readline/interface:1128:18)
    at ReadStream.onkeypress (node:internal/readline/interface:267:20)
    at ReadStream.emit (node:events:530:35)
    at ReadStream.emit (node:domain:489:12)
    at emitKeys (node:internal/readline/utils:370:14)
    at emitKeys.next (<anonymous>)
    at ReadStream.onData (node:internal/readline/emitKeypressEvents:64:36)
[error] 
[error] Error: An unexpected error has occurred.
[debug] [2025-11-15T17:14:24.308Z] ----------------------------------------------------------------------
[debug] [2025-11-15T17:14:24.310Z] Command:       C:\Program Files\nodejs\node.exe C:\Users\subin\AppData\Roaming\npm\node_modules\firebase-tools\lib\bin\firebase.js init
[debug] [2025-11-15T17:14:24.311Z] CLI Version:   14.25.0
[debug] [2025-11-15T17:14:24.311Z] Platform:      win32
[debug] [2025-11-15T17:14:24.311Z] Node Version:  v22.16.0
[debug] [2025-11-15T17:14:24.311Z] Time:          Sat Nov 15 2025 11:14:24 GMT-0600 (Central Standard Time)
[debug] [2025-11-15T17:14:24.311Z] ----------------------------------------------------------------------
[debug] 
[info] 
     ######## #### ########  ######## ########     ###     ######  ########
     ##        ##  ##     ## ##       ##     ##  ##   ##  ##       ##
     ######    ##  ########  ######   ########  #########  ######  ######
     ##        ##  ##    ##  ##       ##     ## ##     ##       ## ##
     ##       #### ##     ## ######## ########  ##     ##  ######  ########

You're about to initialize a Firebase project in this directory:

  C:\Users\subin\insta-relief\insta-relief

[info] 
=== Account Setup
[info] 
[info] Which account do you want to use for this project? Choose an account or add a new one now
[info] 
[debug] [2025-11-15T17:14:38.274Z] setProjectAccount(C:\Users\subin\insta-relief\insta-relief, subin.bista@selu.edu)
[info] 
[info] +  Using account: subin.bista@selu.edu 
[info] 
=== Project Setup
[info] 
[info] First, let's associate this project directory with a Firebase project.
[info] You can create multiple project aliases by running firebase use --add, 
[info] 
[debug] [2025-11-15T17:14:38.287Z] > command requires scopes: ["email","openid","https://www.googleapis.com/auth/cloudplatformprojects.readonly","https://www.googleapis.com/auth/firebase","https://www.googleapis.com/auth/cloud-platform"]
[debug] [2025-11-15T17:14:38.287Z] > authorizing via signed-in user (subin.bista@selu.edu)
[debug] [2025-11-15T17:14:38.290Z] No OAuth tokens found
[debug] [2025-11-15T17:14:38.291Z] No OAuth tokens found
[debug] [2025-11-15T17:14:38.292Z] > refreshing access token with scopes: []
[debug] [2025-11-15T17:14:38.294Z] >>> [apiv2][query] POST https://www.googleapis.com/oauth2/v3/token [none]
[debug] [2025-11-15T17:14:38.295Z] >>> [apiv2][body] POST https://www.googleapis.com/oauth2/v3/token [omitted]
[debug] [2025-11-15T17:14:38.421Z] <<< [apiv2][status] POST https://www.googleapis.com/oauth2/v3/token 200
[debug] [2025-11-15T17:14:38.421Z] <<< [apiv2][body] POST https://www.googleapis.com/oauth2/v3/token [omitted]
[debug] [2025-11-15T17:14:38.430Z] >>> [apiv2][query] GET https://firebase.googleapis.com/v1beta1/projects/secret-bloom-473916-c2 [none]
[debug] [2025-11-15T17:14:38.726Z] <<< [apiv2][status] GET https://firebase.googleapis.com/v1beta1/projects/secret-bloom-473916-c2 200
[debug] [2025-11-15T17:14:38.726Z] <<< [apiv2][body] GET https://firebase.googleapis.com/v1beta1/projects/secret-bloom-473916-c2 {"projectId":"secret-bloom-473916-c2","projectNumber":"1036349266409","displayName":"My First Project","name":"projects/secret-bloom-473916-c2","resources":{"hostingSite":"secret-bloom-473916-c2"},"state":"ACTIVE","etag":"1_2dfff207-a580-4d3b-b311-e83a7d5976f4"}
[info] i  Using project secret-bloom-473916-c2 (My First Project) . 
[info] 
=== Firestore Setup
[info] i  firestore: ensuring required API firestore.googleapis.com is enabled... 
[debug] [2025-11-15T17:14:38.737Z] Checked if tokens are valid: true, expires at: 1763230477421
[debug] [2025-11-15T17:14:38.738Z] Checked if tokens are valid: true, expires at: 1763230477421
[debug] [2025-11-15T17:14:38.738Z] >>> [apiv2][query] GET https://firestore.googleapis.com/v1/projects/secret-bloom-473916-c2/databases [none]
[debug] [2025-11-15T17:14:39.189Z] <<< [apiv2][status] GET https://firestore.googleapis.com/v1/projects/secret-bloom-473916-c2/databases 200
[debug] [2025-11-15T17:14:39.190Z] <<< [apiv2][body] GET https://firestore.googleapis.com/v1/projects/secret-bloom-473916-c2/databases {}
[debug] [2025-11-15T17:14:39.190Z] Checked if tokens are valid: true, expires at: 1763230477421
[debug] [2025-11-15T17:14:39.190Z] Checked if tokens are valid: true, expires at: 1763230477421
[debug] [2025-11-15T17:14:39.190Z] >>> [apiv2][query] GET https://firestore.googleapis.com/v1/projects/secret-bloom-473916-c2/locations [none]
[debug] [2025-11-15T17:14:39.316Z] <<< [apiv2][status] GET https://firestore.googleapis.com/v1/projects/secret-bloom-473916-c2/locations 200
[debug] [2025-11-15T17:14:39.316Z] <<< [apiv2][body] GET https://firestore.googleapis.com/v1/projects/secret-bloom-473916-c2/locations {"locations":[{"name":"projects/secret-bloom-473916-c2/locations/eur3","labels":{"appengine.googleapis.com/geo":"europe-west","cloud.googleapis.com/location":"eur3","cloud.googleapis.com/geo":"eur3"},"metadata":{"@type":"type.googleapis.com/google.firestore.admin.v1.LocationMetadata"},"locationId":"eur3","displayName":"Europe"},{"name":"projects/secret-bloom-473916-c2/locations/nam5","labels":{"appengine.googleapis.com/geo":"us-central","cloud.googleapis.com/location":"nam5","cloud.googleapis.com/geo":"nam5"},"metadata":{"@type":"type.googleapis.com/google.firestore.admin.v1.LocationMetadata"},"locationId":"nam5","displayName":"United States"},{"name":"projects/secret-bloom-473916-c2/locations/nam7","labels":{"cloud.googleapis.com/location":"nam7","cloud.googleapis.com/geo":"nam7"},"metadata":{"@type":"type.googleapis.com/google.firestore.admin.v1.LocationMetadata"},"locationId":"nam7","displayName":"United States"},{"name":"projects/secret-bloom-473916-c2/locations/africa-south1","labels":{"cloud.googleapis.com/location":"africa-south1","cloud.googleapis.com/region":"africa-south1"},"metadata":{"@type":"type.googleapis.com/google.firestore.admin.v1.LocationMetadata"},"locationId":"africa-south1","displayName":"Johannesburg"},{"name":"projects/secret-bloom-473916-c2/locations/asia-east1","labels":{"appengine.googleapis.com/region":"asia-east1","cloud.googleapis.com/location":"asia-east1","cloud.googleapis.com/region":"asia-east1"},"metadata":{"@type":"type.googleapis.com/google.firestore.admin.v1.LocationMetadata"},"locationId":"asia-east1","displayName":"Taiwan"},{"name":"projects/secret-bloom-473916-c2/locations/asia-east2","labels":{"appengine.googleapis.com/region":"asia-east2","cloud.googleapis.com/location":"asia-east2","cloud.googleapis.com/region":"asia-east2"},"metadata":{"@type":"type.googleapis.com/google.firestore.admin.v1.LocationMetadata"},"locationId":"asia-east2","displayName":"Hong Kong"},{"name":"projects/secret-bloom-473916-c2/locations/asia-northeast1","labels":{"appengine.googleapis.com/region":"asia-northeast1","cloud.googleapis.com/location":"asia-northeast1","cloud.googleapis.com/region":"asia-northeast1"},"metadata":{"@type":"type.googleapis.com/google.firestore.admin.v1.LocationMetadata"},"locationId":"asia-northeast1","displayName":"Tokyo"},{"name":"projects/secret-bloom-473916-c2/locations/asia-northeast2","labels":{"appengine.googleapis.com/region":"asia-northeast2","cloud.googleapis.com/location":"asia-northeast2","cloud.googleapis.com/region":"asia-northeast2"},"metadata":{"@type":"type.googleapis.com/google.firestore.admin.v1.LocationMetadata"},"locationId":"asia-northeast2","displayName":"Osaka"},{"name":"projects/secret-bloom-473916-c2/locations/asia-northeast3","labels":{"appengine.googleapis.com/region":"asia-northeast3","cloud.googleapis.com/location":"asia-northeast3","cloud.googleapis.com/region":"asia-northeast3"},"metadata":{"@type":"type.googleapis.com/google.firestore.admin.v1.LocationMetadata"},"locationId":"asia-northeast3","displayName":"Seoul"},{"name":"projects/secret-bloom-473916-c2/locations/asia-south1","labels":{"appengine.googleapis.com/region":"asia-south1","cloud.googleapis.com/location":"asia-south1","cloud.googleapis.com/region":"asia-south1"},"metadata":{"@type":"type.googleapis.com/google.firestore.admin.v1.LocationMetadata"},"locationId":"asia-south1","displayName":"Mumbai"},{"name":"projects/secret-bloom-473916-c2/locations/asia-south2","labels":{"cloud.googleapis.com/location":"asia-south2","cloud.googleapis.com/region":"asia-south2"},"metadata":{"@type":"type.googleapis.com/google.firestore.admin.v1.LocationMetadata"},"locationId":"asia-south2","displayName":"Delhi"},{"name":"projects/secret-bloom-473916-c2/locations/asia-southeast1","labels":{"appengine.googleapis.com/region":"asia-southeast1","cloud.googleapis.com/location":"asia-southeast1","cloud.googleapis.com/region":"asia-southeast1"},"metadata":{"@type":"type.googleapis.com/google.firestore.admin.v1.LocationMetadata"},"locationId":"asia-southeast1","displayName":"Singapore"},{"name":"projects/secret-bloom-473916-c2/locations/asia-southeast2","labels":{"appengine.googleapis.com/region":"asia-southeast2","cloud.googleapis.com/location":"asia-southeast2","cloud.googleapis.com/region":"asia-southeast2"},"metadata":{"@type":"type.googleapis.com/google.firestore.admin.v1.LocationMetadata"},"locationId":"asia-southeast2","displayName":"Jakarta"},{"name":"projects/secret-bloom-473916-c2/locations/australia-southeast1","labels":{"appengine.googleapis.com/region":"australia-southeast1","cloud.googleapis.com/location":"australia-southeast1","cloud.googleapis.com/region":"australia-southeast1"},"metadata":{"@type":"type.googleapis.com/google.firestore.admin.v1.LocationMetadata"},"locationId":"australia-southeast1","displayName":"Sydney"},{"name":"projects/secret-bloom-473916-c2/locations/australia-southeast2","labels":{"cloud.googleapis.com/location":"australia-southeast2","cloud.googleapis.com/region":"australia-southeast2"},"metadata":{"@type":"type.googleapis.com/google.firestore.admin.v1.LocationMetadata"},"locationId":"australia-southeast2","displayName":"Melbourne"},{"name":"projects/secret-bloom-473916-c2/locations/europe-central2","labels":{"appengine.googleapis.com/region":"europe-central2","cloud.googleapis.com/location":"europe-central2","cloud.googleapis.com/region":"europe-central2"},"metadata":{"@type":"type.googleapis.com/google.firestore.admin.v1.LocationMetadata"},"locationId":"europe-central2","displayName":"Warsaw"},{"name":"projects/secret-bloom-473916-c2/locations/europe-north1","labels":{"cloud.googleapis.com/location":"europe-north1","cloud.googleapis.com/region":"europe-north1"},"metadata":{"@type":"type.googleapis.com/google.firestore.admin.v1.LocationMetadata"},"locationId":"europe-north1","displayName":"Finland"},{"name":"projects/secret-bloom-473916-c2/locations/europe-north2","labels":{"cloud.googleapis.com/location":"europe-north2","cloud.googleapis.com/region":"europe-north2"},"metadata":{"@type":"type.googleapis.com/google.firestore.admin.v1.LocationMetadata"},"locationId":"europe-north2","displayName":"Stockholm"},{"name":"projects/secret-bloom-473916-c2/locations/europe-southwest1","labels":{"cloud.googleapis.com/location":"europe-southwest1","cloud.googleapis.com/region":"europe-southwest1"},"metadata":{"@type":"type.googleapis.com/google.firestore.admin.v1.LocationMetadata"},"locationId":"europe-southwest1","displayName":"Madrid"},{"name":"projects/secret-bloom-473916-c2/locations/europe-west1","labels":{"cloud.googleapis.com/location":"europe-west1","cloud.googleapis.com/region":"europe-west1"},"metadata":{"@type":"type.googleapis.com/google.firestore.admin.v1.LocationMetadata"},"locationId":"europe-west1","displayName":"Belgium"},{"name":"projects/secret-bloom-473916-c2/locations/europe-west10","labels":{"cloud.googleapis.com/location":"europe-west10","cloud.googleapis.com/region":"europe-west10"},"metadata":{"@type":"type.googleapis.com/google.firestore.admin.v1.LocationMetadata"},"locationId":"europe-west10","displayName":"Berlin"},{"name":"projects/secret-bloom-473916-c2/locations/europe-west12","labels":{"cloud.googleapis.com/location":"europe-west12","cloud.googleapis.com/region":"europe-west12"},"metadata":{"@type":"type.googleapis.com/google.firestore.admin.v1.LocationMetadata"},"locationId":"europe-west12","displayName":"Turin"},{"name":"projects/secret-bloom-473916-c2/locations/europe-west2","labels":{"appengine.googleapis.com/region":"europe-west2","cloud.googleapis.com/location":"europe-west2","cloud.googleapis.com/region":"europe-west2"},"metadata":{"@type":"type.googleapis.com/google.firestore.admin.v1.LocationMetadata"},"locationId":"europe-west2","displayName":"London"},{"name":"projects/secret-bloom-473916-c2/locations/europe-west3","labels":{"appengine.googleapis.com/region":"europe-west3","cloud.googleapis.com/location":"europe-west3","cloud.googleapis.com/region":"europe-west3"},"metadata":{"@type":"type.googleapis.com/google.firestore.admin.v1.LocationMetadata"},"locationId":"europe-west3","displayName":"Frankfurt"},{"name":"projects/secret-bloom-473916-c2/locations/europe-west4","labels":{"cloud.googleapis.com/location":"europe-west4","cloud.googleapis.com/region":"europe-west4"},"metadata":{"@type":"type.googleapis.com/google.firestore.admin.v1.LocationMetadata"},"locationId":"europe-west4","displayName":"Netherlands"},{"name":"projects/secret-bloom-473916-c2/locations/europe-west6","labels":{"appengine.googleapis.com/region":"europe-west6","cloud.googleapis.com/location":"europe-west6","cloud.googleapis.com/region":"europe-west6"},"metadata":{"@type":"type.googleapis.com/google.firestore.admin.v1.LocationMetadata"},"locationId":"europe-west6","displayName":"Zurich"},{"name":"projects/secret-bloom-473916-c2/locations/europe-west8","labels":{"cloud.googleapis.com/location":"europe-west8","cloud.googleapis.com/region":"europe-west8"},"metadata":{"@type":"type.googleapis.com/google.firestore.admin.v1.LocationMetadata"},"locationId":"europe-west8","displayName":"Milan"},{"name":"projects/secret-bloom-473916-c2/locations/europe-west9","labels":{"cloud.googleapis.com/location":"europe-west9","cloud.googleapis.com/region":"europe-west9"},"metadata":{"@type":"type.googleapis.com/google.firestore.admin.v1.LocationMetadata"},"locationId":"europe-west9","displayName":"Paris"},{"name":"projects/secret-bloom-473916-c2/locations/me-central1","labels":{"cloud.googleapis.com/location":"me-central1","cloud.googleapis.com/region":"me-central1"},"metadata":{"@type":"type.googleapis.com/google.firestore.admin.v1.LocationMetadata"},"locationId":"me-central1","displayName":"Doha"},{"name":"projects/secret-bloom-473916-c2/locations/me-central2","labels":{"cloud.googleapis.com/location":"me-central2","cloud.googleapis.com/region":"me-central2"},"metadata":{"@type":"type.googleapis.com/google.firestore.admin.v1.LocationMetadata"},"locationId":"me-central2","displayName":"Dammam"},{"name":"projects/secret-bloom-473916-c2/locations/me-west1","labels":{"cloud.googleapis.com/location":"me-west1","cloud.googleapis.com/region":"me-west1"},"metadata":{"@type":"type.googleapis.com/google.firestore.admin.v1.LocationMetadata"},"locationId":"me-west1","displayName":"Tel Aviv"},{"name":"projects/secret-bloom-473916-c2/locations/northamerica-northeast1","labels":{"appengine.googleapis.com/region":"northamerica-northeast1","cloud.googleapis.com/location":"northamerica-northeast1","cloud.googleapis.com/region":"northamerica-northeast1"},"metadata":{"@type":"type.googleapis.com/google.firestore.admin.v1.LocationMetadata"},"locationId":"northamerica-northeast1","displayName":"Montréal"},{"name":"projects/secret-bloom-473916-c2/locations/northamerica-northeast2","labels":{"cloud.googleapis.com/location":"northamerica-northeast2","cloud.googleapis.com/region":"northamerica-northeast2"},"metadata":{"@type":"type.googleapis.com/google.firestore.admin.v1.LocationMetadata"},"locationId":"northamerica-northeast2","displayName":"Toronto"},{"name":"projects/secret-bloom-473916-c2/locations/northamerica-south1","labels":{"cloud.googleapis.com/location":"northamerica-south1","cloud.googleapis.com/region":"northamerica-south1"},"metadata":{"@type":"type.googleapis.com/google.firestore.admin.v1.LocationMetadata"},"locationId":"northamerica-south1","displayName":"Mexico"},{"name":"projects/secret-bloom-473916-c2/locations/southamerica-east1","labels":{"appengine.googleapis.com/region":"southamerica-east1","cloud.googleapis.com/location":"southamerica-east1","cloud.googleapis.com/region":"southamerica-east1"},"metadata":{"@type":"type.googleapis.com/google.firestore.admin.v1.LocationMetadata"},"locationId":"southamerica-east1","displayName":"São Paulo"},{"name":"projects/secret-bloom-473916-c2/locations/southamerica-west1","labels":{"cloud.googleapis.com/location":"southamerica-west1","cloud.googleapis.com/region":"southamerica-west1"},"metadata":{"@type":"type.googleapis.com/google.firestore.admin.v1.LocationMetadata"},"locationId":"southamerica-west1","displayName":"Santiago"},{"name":"projects/secret-bloom-473916-c2/locations/us-central1","labels":{"cloud.googleapis.com/location":"us-central1","cloud.googleapis.com/region":"us-central1"},"metadata":{"@type":"type.googleapis.com/google.firestore.admin.v1.LocationMetadata"},"locationId":"us-central1","displayName":"Iowa"},{"name":"projects/secret-bloom-473916-c2/locations/us-east1","labels":{"appengine.googleapis.com/region":"us-east1","cloud.googleapis.com/location":"us-east1","cloud.googleapis.com/region":"us-east1"},"metadata":{"@type":"type.googleapis.com/google.firestore.admin.v1.LocationMetadata"},"locationId":"us-east1","displayName":"South Carolina"},{"name":"projects/secret-bloom-473916-c2/locations/us-east4","labels":{"appengine.googleapis.com/region":"us-east4","cloud.googleapis.com/location":"us-east4","cloud.googleapis.com/region":"us-east4"},"metadata":{"@type":"type.googleapis.com/google.firestore.admin.v1.LocationMetadata"},"locationId":"us-east4","displayName":"Northern Virginia"},{"name":"projects/secret-bloom-473916-c2/locations/us-east5","labels":{"cloud.googleapis.com/location":"us-east5","cloud.googleapis.com/region":"us-east5"},"metadata":{"@type":"type.googleapis.com/google.firestore.admin.v1.LocationMetadata"},"locationId":"us-east5","displayName":"Columbus"},{"name":"projects/secret-bloom-473916-c2/locations/us-south1","labels":{"cloud.googleapis.com/location":"us-south1","cloud.googleapis.com/region":"us-south1"},"metadata":{"@type":"type.googleapis.com/google.firestore.admin.v1.LocationMetadata"},"locationId":"us-south1","displayName":"Dallas"},{"name":"projects/secret-bloom-473916-c2/locations/us-west1","labels":{"appengine.googleapis.com/region":"us-west1","cloud.googleapis.com/location":"us-west1","cloud.googleapis.com/region":"us-west1"},"metadata":{"@type":"type.googleapis.com/google.firestore.admin.v1.LocationMetadata"},"locationId":"us-west1","displayName":"Oregon"},{"name":"projects/secret-bloom-473916-c2/locations/us-west2","labels":{"appengine.googleapis.com/region":"us-west2","cloud.googleapis.com/location":"us-west2","cloud.googleapis.com/region":"us-west2"},"metadata":{"@type":"type.googleapis.com/google.firestore.admin.v1.LocationMetadata"},"locationId":"us-west2","displayName":"Los Angeles"},{"name":"projects/secret-bloom-473916-c2/locations/us-west3","labels":{"appengine.googleapis.com/region":"us-west3","cloud.googleapis.com/location":"us-west3","cloud.googleapis.com/region":"us-west3"},"metadata":{"@type":"type.googleapis.com/google.firestore.admin.v1.LocationMetadata"},"locationId":"us-west3","displayName":"Salt Lake City"},{"name":"projects/secret-bloom-473916-c2/locations/us-west4","labels":{"appengine.googleapis.com/region":"us-west4","cloud.googleapis.com/location":"us-west4","cloud.googleapis.com/region":"us-west4"},"metadata":{"@type":"type.googleapis.com/google.firestore.admin.v1.LocationMetadata"},"locationId":"us-west4","displayName":"Las Vegas"}]}
[debug] [2025-11-15T17:15:01.853Z] ExitPromptError: User force closed the prompt with SIGINT
    at Interface.sigint (C:\Users\subin\AppData\Roaming\npm\node_modules\firebase-tools\node_modules\@inquirer\core\dist\commonjs\lib\create-prompt.js:101:37)
    at Interface.emit (node:events:518:28)
    at Interface.emit (node:domain:489:12)
    at [_ttyWrite] [as _ttyWrite] (node:internal/readline/interface:1128:18)
    at ReadStream.onkeypress (node:internal/readline/interface:267:20)
    at ReadStream.emit (node:events:530:35)
    at ReadStream.emit (node:domain:489:12)
    at emitKeys (node:internal/readline/utils:370:14)
    at emitKeys.next (<anonymous>)
    at ReadStream.onData (node:internal/readline/emitKeypressEvents:64:36)
[error] 
[error] Error: An unexpected error has occurred.
